#
# There is insufficient memory for the Java Runtime Environment to continue.
# Native memory allocation (malloc) failed to allocate 82336 bytes for Chunk::new
# Possible reasons:
#   The system is out of physical RAM or swap space
#   The process is running with CompressedOops enabled, and the Java Heap may be blocking the growth of the native heap
# Possible solutions:
#   Reduce memory load on the system
#   Increase physical memory or swap space
#   Check if swap backing store is full
#   Decrease Java heap size (-Xmx/-Xms)
#   Decrease number of Java threads
#   Decrease Java thread stack sizes (-Xss)
#   Set larger code cache with -XX:ReservedCodeCacheSize=
#   JVM is running with Unscaled Compressed Oops mode in which the Java heap is
#     placed in the first 4GB address space. The Java Heap base address is the
#     maximum limit for the native heap growth. Please use -XX:HeapBaseMinAddress
#     to set the Java Heap base and to place the Java Heap above 4GB virtual address.
# This output file may be truncated or incomplete.
#
#  Out of Memory Error (t:/workspace/open/src/hotspot/share/memory/arena.cpp:196), pid=11436, tid=3756
#
# JRE version: Java(TM) SE Runtime Environment (13.0.2+8) (build 13.0.2+8)
# Java VM: Java HotSpot(TM) 64-Bit Server VM (13.0.2+8, mixed mode, sharing, tiered, compressed oops, parallel gc, windows-amd64)
# No core dump will be written. Minidumps are not enabled by default on client versions of Windows
#

---------------  S U M M A R Y ------------

Command Line: --add-modules=ALL-SYSTEM --add-opens=java.base/java.util=ALL-UNNAMED --add-opens=java.base/java.lang=ALL-UNNAMED -Declipse.application=org.eclipse.jdt.ls.core.id1 -Dosgi.bundles.defaultStartLevel=4 -Declipse.product=org.eclipse.jdt.ls.core.product -Dfile.encoding=utf8 -DwatchParentProcess=false -XX:+UseParallelGC -XX:GCTimeRatio=4 -XX:AdaptiveSizePolicyWeight=90 -Dsun.zip.disableMemoryMapping=true -Xmx1G -Xms100m -javaagent:c:\Users\admin\.vscode\extensions\gabrielbb.vscode-lombok-1.0.1\server\lombok.jar c:\Users\admin\.vscode\extensions\redhat.java-0.65.0\server\plugins\org.eclipse.equinox.launcher_1.5.700.v20200207-2156.jar -configuration c:\Users\admin\AppData\Roaming\Code\User\globalStorage\redhat.java\0.65.0\config_win -data c:\Users\admin\AppData\Roaming\Code\User\workspaceStorage\a5598e48e99a512f7a26ab14b8b48174\redhat.java\jdt_ws

Host: Intel(R) Core(TM) i5-4310U CPU @ 2.00GHz, 4 cores, 7G,  Windows 10 , 64 bit Build 18362 (10.0.18362.959)
Time: Fri Aug 14 16:56:33 2020 Eastern Daylight Time elapsed time: 0 seconds (0d 0h 0m 0s)

---------------  T H R E A D  ---------------

Current thread (0x0000022678515000):  JavaThread "C2 CompilerThread0" daemon [_thread_in_native, id=3756, stack(0x0000009515a00000,0x0000009515b00000)]


Current CompileTask:
C2:    793  148       4       java.util.HashMap::putVal (300 bytes)

Stack: [0x0000009515a00000,0x0000009515b00000]
Native frames: (J=compiled Java code, j=interpreted, Vv=VM code, C=native code)
V  [jvm.dll+0x624f9a]
V  [jvm.dll+0x770cfa]
V  [jvm.dll+0x7724af]
V  [jvm.dll+0x772ab3]
V  [jvm.dll+0x24bf08]
V  [jvm.dll+0xc1e47]
V  [jvm.dll+0xc23cc]
V  [jvm.dll+0x35c0c5]
V  [jvm.dll+0x19f2f0]
V  [jvm.dll+0x205d36]
V  [jvm.dll+0x204e3f]
V  [jvm.dll+0x189c2c]
V  [jvm.dll+0x213e6d]
V  [jvm.dll+0x2120bb]
V  [jvm.dll+0x736bb6]
V  [jvm.dll+0x72fcaa]
V  [jvm.dll+0x623ea6]
C  [ucrtbase.dll+0x20e82]
C  [KERNEL32.DLL+0x17bd4]
C  [ntdll.dll+0x6ce51]


---------------  P R O C E S S  ---------------

Threads class SMR info:
_java_thread_list=0x000002267970c090, length=10, elements={
0x000002265e48f000, 0x000002265e54c000, 0x000002265e54e800, 0x0000022678512000,
0x0000022678514000, 0x0000022678515000, 0x000002267858a000, 0x000002267858c800,
0x00000226795a7000, 0x000002267970f800
}

Java Threads: ( => current thread )
  0x000002265e48f000 JavaThread "main" [_thread_in_vm, id=15528, stack(0x0000009515300000,0x0000009515400000)]
  0x000002265e54c000 JavaThread "Reference Handler" daemon [_thread_blocked, id=11876, stack(0x0000009515600000,0x0000009515700000)]
  0x000002265e54e800 JavaThread "Finalizer" daemon [_thread_blocked, id=12692, stack(0x0000009515700000,0x0000009515800000)]
  0x0000022678512000 JavaThread "Signal Dispatcher" daemon [_thread_blocked, id=15176, stack(0x0000009515800000,0x0000009515900000)]
  0x0000022678514000 JavaThread "Attach Listener" daemon [_thread_blocked, id=15936, stack(0x0000009515900000,0x0000009515a00000)]
=>0x0000022678515000 JavaThread "C2 CompilerThread0" daemon [_thread_in_native, id=3756, stack(0x0000009515a00000,0x0000009515b00000)]
  0x000002267858a000 JavaThread "C1 CompilerThread0" daemon [_thread_in_native, id=14072, stack(0x0000009515b00000,0x0000009515c00000)]
  0x000002267858c800 JavaThread "Sweeper thread" daemon [_thread_blocked, id=16576, stack(0x0000009515c00000,0x0000009515d00000)]
  0x00000226795a7000 JavaThread "Common-Cleaner" daemon [_thread_blocked, id=5132, stack(0x0000009515d00000,0x0000009515e00000)]
  0x000002267970f800 JavaThread "C2 CompilerThread1" daemon [_thread_new, id=13308, stack(0x0000000000000000,0x0000000000000000)]

Other Threads:
  0x0000022678510000 VMThread "VM Thread" [stack: 0x0000009515500000,0x0000009515600000] [id=17328]
  0x000002265e4a7000 GCTaskThread "ParGC Thread#0" [stack: 0x0000009515400000,0x0000009515500000] [id=11076]

Threads with active compile tasks:
C2 CompilerThread0      828  148       4       java.util.HashMap::putVal (300 bytes)

VM state:not at safepoint (normal execution)

VM Mutex/Monitor currently owned by a thread: None

Heap address: 0x00000000c0000000, size: 1024 MB, Compressed Oops mode: 32-bit
Narrow klass base: 0x0000000800000000, Narrow klass shift: 3
Compressed class space size: 1073741824 Address: 0x0000000800b40000

Heap:
 PSYoungGen      total 29696K, used 2048K [0x00000000eab00000, 0x00000000ecc00000, 0x0000000100000000)
  eden space 25600K, 8% used [0x00000000eab00000,0x00000000ead00158,0x00000000ec400000)
  from space 4096K, 0% used [0x00000000ec800000,0x00000000ec800000,0x00000000ecc00000)
  to   space 4096K, 0% used [0x00000000ec400000,0x00000000ec400000,0x00000000ec800000)
 ParOldGen       total 68608K, used 0K [0x00000000c0000000, 0x00000000c4300000, 0x00000000eab00000)
  object space 68608K, 0% used [0x00000000c0000000,0x00000000c0000000,0x00000000c4300000)
 Metaspace       used 397K, capacity 4530K, committed 4864K, reserved 1056768K
  class space    used 36K, capacity 403K, committed 512K, reserved 1048576K

Card table byte_map: [0x000002265df80000,0x000002265e190000] _byte_map_base: 0x000002265d980000

Marking Bits: (ParMarkBitMap*) 0x00007ffc827a4110
 Begin Bits: [0x0000022675990000, 0x0000022676990000)
 End Bits:   [0x0000022676990000, 0x0000022677990000)

Polling page: 0x000002265c240000

Metaspace:

Usage:
  Non-class:      4.03 MB capacity,   361.33 KB (  9%) used,     3.68 MB ( 91%) free+waste,     2.00 KB ( <1%) overhead. 
      Class:    404.00 KB capacity,    37.09 KB (  9%) used,   365.59 KB ( 90%) free+waste,     1.31 KB ( <1%) overhead. 
       Both:      4.42 MB capacity,   398.42 KB (  9%) used,     4.03 MB ( 91%) free+waste,     3.31 KB ( <1%) overhead. 

Virtual space:
  Non-class space:        8.00 MB reserved,       4.25 MB ( 53%) committed 
      Class space:        1.00 GB reserved,     512.00 KB ( <1%) committed 
             Both:        1.01 GB reserved,       4.75 MB ( <1%) committed 

Chunk freelists:
   Non-Class:  0 bytes
       Class:  0 bytes
        Both:  0 bytes

MaxMetaspaceSize: 17179869184.00 GB
CompressedClassSpaceSize: 1.00 GB

CodeHeap 'non-profiled nmethods': size=120000Kb used=58Kb max_used=58Kb free=119941Kb
 bounds [0x000002266e460000, 0x000002266e6d0000, 0x0000022675990000]
CodeHeap 'profiled nmethods': size=120000Kb used=219Kb max_used=219Kb free=119780Kb
 bounds [0x0000022666f30000, 0x00000226671a0000, 0x000002266e460000]
CodeHeap 'non-nmethods': size=5760Kb used=1079Kb max_used=1093Kb free=4680Kb
 bounds [0x0000022666990000, 0x0000022666c00000, 0x0000022666f30000]
 total_blobs=793 nmethods=174 adapters=220
 compilation: enabled
              stopped_count=0, restarted_count=0
 full_count=0

Compilation events (20 events):
Event: 0.784 Thread 0x000002267858a000  151       3       java.util.HashSet::contains (9 bytes)
Event: 0.785 Thread 0x000002267858a000 nmethod 151 0x0000022666f60510 code [0x0000022666f606e0, 0x0000022666f60ba0]
Event: 0.785 Thread 0x000002267858a000  159       1       java.lang.module.ModuleDescriptor::packages (5 bytes)
Event: 0.785 Thread 0x000002267858a000 nmethod 159 0x000002266e46ca90 code [0x000002266e46cc20, 0x000002266e46cd58]
Event: 0.785 Thread 0x000002267858a000  158       3       java.util.ImmutableCollections$Set12::size (13 bytes)
Event: 0.785 Thread 0x000002267858a000 nmethod 158 0x0000022666f60d10 code [0x0000022666f60ec0, 0x0000022666f610b8]
Event: 0.785 Thread 0x000002267858a000  161       1       java.lang.module.ModuleDescriptor$Version::toString (5 bytes)
Event: 0.785 Thread 0x000002267858a000 nmethod 161 0x000002266e46ce10 code [0x000002266e46cfa0, 0x000002266e46d0d8]
Event: 0.785 Thread 0x000002267858a000  162       3       java.lang.AbstractStringBuilder::isLatin1 (19 bytes)
Event: 0.785 Thread 0x000002267858a000 nmethod 162 0x0000022666f61190 code [0x0000022666f61340, 0x0000022666f61538]
Event: 0.786 Thread 0x000002267858a000  163       3       java.util.ImmutableCollections$Set12::iterator (9 bytes)
Event: 0.786 Thread 0x000002267858a000 nmethod 163 0x0000022666f61610 code [0x0000022666f617c0, 0x0000022666f61b38]
Event: 0.787 Thread 0x000002267858a000  164       3       java.util.AbstractSet::<init> (5 bytes)
Event: 0.787 Thread 0x000002267858a000 nmethod 164 0x0000022666f61c90 code [0x0000022666f61e40, 0x0000022666f62078]
Event: 0.787 Thread 0x000002267858a000  165       3       java.util.ImmutableCollections$AbstractImmutableSet::<init> (5 bytes)
Event: 0.788 Thread 0x000002267858a000 nmethod 165 0x0000022666f62190 code [0x0000022666f62340, 0x0000022666f625d8]
Event: 0.788 Thread 0x000002267858a000  166       3       java.lang.module.ResolvedModule::name (11 bytes)
Event: 0.788 Thread 0x000002267858a000 nmethod 166 0x0000022666f62710 code [0x0000022666f628c0, 0x0000022666f62ab8]
Event: 0.788 Thread 0x000002267858a000  167       1       java.lang.module.ResolvedModule::configuration (5 bytes)
Event: 0.788 Thread 0x000002267858a000 nmethod 167 0x000002266e46d190 code [0x000002266e46d320, 0x000002266e46d458]

GC Heap History (0 events):
No events

Deoptimization events (0 events):
No events

Classes unloaded (0 events):
No events

Classes redefined (0 events):
No events

Internal exceptions (0 events):
No events

Events (20 events):
Event: 0.642 loading class java/lang/WeakPairMap$Pair done
Event: 0.642 loading class java/lang/WeakPairMap$Pair$Lookup
Event: 0.642 loading class java/lang/WeakPairMap$Pair$Lookup done
Event: 0.670 Thread 0x00000226795a7000 Thread added: 0x00000226795a7000
Event: 0.688 loading class java/lang/invoke/DirectMethodHandle$Interface
Event: 0.688 loading class java/lang/invoke/DirectMethodHandle$Interface done
Event: 0.757 loading class java/util/stream/ForEachOps
Event: 0.757 loading class java/util/stream/ForEachOps done
Event: 0.757 loading class java/util/stream/ForEachOps$ForEachOp$OfRef
Event: 0.757 loading class java/util/stream/ForEachOps$ForEachOp
Event: 0.757 loading class java/util/stream/ForEachOps$ForEachOp done
Event: 0.757 loading class java/util/stream/ForEachOps$ForEachOp$OfRef done
Event: 0.759 loading class java/lang/module/Resolver
Event: 0.759 loading class java/lang/module/Resolver done
Event: 0.759 loading class java/lang/module/ModuleFinder$1
Event: 0.759 loading class java/lang/module/ModuleFinder$1 done
Event: 0.763 loading class java/util/LinkedHashSet
Event: 0.763 loading class java/util/LinkedHashSet done
Event: 0.764 Executing VM operation: Deoptimize
Event: 0.764 Executing VM operation: Deoptimize done


Dynamic libraries:
0x00007ff733b90000 - 0x00007ff733b9f000 	C:\Program Files\Java\jdk-13.0.2\bin\java.exe
0x00007ffccaa20000 - 0x00007ffccac10000 	C:\WINDOWS\SYSTEM32\ntdll.dll
0x00007ffcc9a10000 - 0x00007ffcc9ac2000 	C:\WINDOWS\System32\KERNEL32.DLL
0x00007ffcc7a70000 - 0x00007ffcc7d14000 	C:\WINDOWS\System32\KERNELBASE.dll
0x00007ffcc7e50000 - 0x00007ffcc7f4a000 	C:\WINDOWS\System32\ucrtbase.dll
0x00007ffc9c260000 - 0x00007ffc9c278000 	C:\Program Files\Java\jdk-13.0.2\bin\jli.dll
0x00007ffcc9c20000 - 0x00007ffcc9cc3000 	C:\WINDOWS\System32\ADVAPI32.dll
0x00007ffcc9470000 - 0x00007ffcc950e000 	C:\WINDOWS\System32\msvcrt.dll
0x00007ffcc9960000 - 0x00007ffcc99f7000 	C:\WINDOWS\System32\sechost.dll
0x00007ffcc9530000 - 0x00007ffcc9650000 	C:\WINDOWS\System32\RPCRT4.dll
0x00007ffcc9d10000 - 0x00007ffcc9ea5000 	C:\WINDOWS\System32\USER32.dll
0x00007ffcc7a40000 - 0x00007ffcc7a61000 	C:\WINDOWS\System32\win32u.dll
0x00007ffcc9cd0000 - 0x00007ffcc9cf6000 	C:\WINDOWS\System32\GDI32.dll
0x00007ffcc7f50000 - 0x00007ffcc80e6000 	C:\WINDOWS\System32\gdi32full.dll
0x00007ffcb9720000 - 0x00007ffcb99a4000 	C:\WINDOWS\WinSxS\amd64_microsoft.windows.common-controls_6595b64144ccf1df_6.0.18362.1016_none_9e7a36bbe461dae4\COMCTL32.dll
0x00007ffcc9080000 - 0x00007ffcc93b5000 	C:\WINDOWS\System32\combase.dll
0x00007ffcc7dd0000 - 0x00007ffcc7e50000 	C:\WINDOWS\System32\bcryptPrimitives.dll
0x00007ffc9c240000 - 0x00007ffc9c255000 	C:\Program Files\Java\jdk-13.0.2\bin\VCRUNTIME140.dll
0x00007ffcc79a0000 - 0x00007ffcc7a3e000 	C:\WINDOWS\System32\msvcp_win.dll
0x00007ffcbc1b0000 - 0x00007ffcbc1ba000 	C:\WINDOWS\SYSTEM32\VERSION.dll
0x00007ffcc9f10000 - 0x00007ffcc9f3e000 	C:\WINDOWS\System32\IMM32.DLL
0x00007ffc8a9d0000 - 0x00007ffc8aa6b000 	C:\Program Files\Java\jdk-13.0.2\bin\msvcp140.dll
0x00007ffc81d10000 - 0x00007ffc8286d000 	C:\Program Files\Java\jdk-13.0.2\bin\server\jvm.dll
0x00007ffcc9d00000 - 0x00007ffcc9d08000 	C:\WINDOWS\System32\PSAPI.DLL
0x00007ffcaa670000 - 0x00007ffcaa679000 	C:\WINDOWS\SYSTEM32\WSOCK32.dll
0x00007ffcca280000 - 0x00007ffcca2ef000 	C:\WINDOWS\System32\WS2_32.dll
0x00007ffcc37f0000 - 0x00007ffcc3814000 	C:\WINDOWS\SYSTEM32\WINMM.dll
0x00007ffcc37c0000 - 0x00007ffcc37ed000 	C:\WINDOWS\SYSTEM32\WINMMBASE.dll
0x00007ffcc7d20000 - 0x00007ffcc7d6a000 	C:\WINDOWS\System32\cfgmgr32.dll
0x00007ffcc7910000 - 0x00007ffcc7921000 	C:\WINDOWS\System32\kernel.appcore.dll
0x00007ffca8270000 - 0x00007ffca8280000 	C:\Program Files\Java\jdk-13.0.2\bin\verify.dll
0x00007ffcb4b50000 - 0x00007ffcb4d44000 	C:\WINDOWS\SYSTEM32\DBGHELP.DLL
0x00007ffcb37b0000 - 0x00007ffcb37da000 	C:\WINDOWS\SYSTEM32\dbgcore.DLL
0x00007ffc8a9a0000 - 0x00007ffc8a9c6000 	C:\Program Files\Java\jdk-13.0.2\bin\java.dll
0x00007ffc9bca0000 - 0x00007ffc9bcae000 	C:\Program Files\Java\jdk-13.0.2\bin\instrument.dll
0x00007ffc97d50000 - 0x00007ffc97d67000 	C:\Program Files\Java\jdk-13.0.2\bin\zip.dll
0x00007ffc8a990000 - 0x00007ffc8a99a000 	C:\Program Files\Java\jdk-13.0.2\bin\jimage.dll
0x00007ffcca2f0000 - 0x00007ffcca9d7000 	C:\WINDOWS\System32\SHELL32.dll
0x00007ffcc93c0000 - 0x00007ffcc9469000 	C:\WINDOWS\System32\shcore.dll
0x00007ffcc8340000 - 0x00007ffcc8ac2000 	C:\WINDOWS\System32\windows.storage.dll
0x00007ffcc78e0000 - 0x00007ffcc7903000 	C:\WINDOWS\System32\profapi.dll
0x00007ffcc7950000 - 0x00007ffcc799a000 	C:\WINDOWS\System32\powrprof.dll
0x00007ffcc78d0000 - 0x00007ffcc78e0000 	C:\WINDOWS\System32\UMPDC.dll
0x00007ffcc9ad0000 - 0x00007ffcc9b22000 	C:\WINDOWS\System32\shlwapi.dll
0x00007ffcc8320000 - 0x00007ffcc8337000 	C:\WINDOWS\System32\cryptsp.dll

dbghelp: loaded successfully - version: 4.0.5 - missing functions: none
symbol engine: initialized successfully - sym options: 0x614 - pdb path: .;C:\Program Files\Java\jdk-13.0.2\bin;C:\WINDOWS\SYSTEM32;C:\WINDOWS\WinSxS\amd64_microsoft.windows.common-controls_6595b64144ccf1df_6.0.18362.1016_none_9e7a36bbe461dae4;C:\Program Files\Java\jdk-13.0.2\bin\server

VM Arguments:
jvm_args: --add-modules=ALL-SYSTEM --add-opens=java.base/java.util=ALL-UNNAMED --add-opens=java.base/java.lang=ALL-UNNAMED -Declipse.application=org.eclipse.jdt.ls.core.id1 -Dosgi.bundles.defaultStartLevel=4 -Declipse.product=org.eclipse.jdt.ls.core.product -Dfile.encoding=utf8 -DwatchParentProcess=false -XX:+UseParallelGC -XX:GCTimeRatio=4 -XX:AdaptiveSizePolicyWeight=90 -Dsun.zip.disableMemoryMapping=true -Xmx1G -Xms100m -javaagent:c:\Users\admin\.vscode\extensions\gabrielbb.vscode-lombok-1.0.1\server\lombok.jar 
java_command: c:\Users\admin\.vscode\extensions\redhat.java-0.65.0\server\plugins\org.eclipse.equinox.launcher_1.5.700.v20200207-2156.jar -configuration c:\Users\admin\AppData\Roaming\Code\User\globalStorage\redhat.java\0.65.0\config_win -data c:\Users\admin\AppData\Roaming\Code\User\workspaceStorage\a5598e48e99a512f7a26ab14b8b48174\redhat.java\jdt_ws
java_class_path (initial): c:\Users\admin\.vscode\extensions\redhat.java-0.65.0\server\plugins\org.eclipse.equinox.launcher_1.5.700.v20200207-2156.jar
Launcher Type: SUN_STANDARD

[Global flags]
    uintx AdaptiveSizePolicyWeight                 = 90                                        {product} {command line}
     intx CICompilerCount                          = 3                                         {product} {ergonomic}
    uintx GCTimeRatio                              = 4                                         {product} {command line}
   size_t InitialHeapSize                          = 104857600                                 {product} {command line}
   size_t MaxHeapSize                              = 1073741824                                {product} {command line}
   size_t MaxNewSize                               = 357564416                                 {product} {ergonomic}
   size_t MinHeapDeltaBytes                        = 524288                                    {product} {ergonomic}
   size_t MinHeapSize                              = 104857600                                 {product} {command line}
   size_t NewSize                                  = 34603008                                  {product} {ergonomic}
    uintx NonNMethodCodeHeapSize                   = 5832780                                {pd product} {ergonomic}
    uintx NonProfiledCodeHeapSize                  = 122912730                              {pd product} {ergonomic}
   size_t OldSize                                  = 70254592                                  {product} {ergonomic}
    uintx ProfiledCodeHeapSize                     = 122912730                              {pd product} {ergonomic}
    uintx ReservedCodeCacheSize                    = 251658240                              {pd product} {ergonomic}
     bool SegmentedCodeCache                       = true                                      {product} {ergonomic}
   size_t SoftMaxHeapSize                          = 1073741824                             {manageable} {ergonomic}
     bool UseCompressedClassPointers               = true                                 {lp64_product} {ergonomic}
     bool UseCompressedOops                        = true                                 {lp64_product} {ergonomic}
     bool UseLargePagesIndividualAllocation        = false                                  {pd product} {ergonomic}
     bool UseParallelGC                            = true                                      {product} {command line}

Logging:
Log output configuration:
 #0: stdout all=warning uptime,level,tags
 #1: stderr all=off uptime,level,tags

Environment Variables:
JAVA_HOME=C:\Program Files\Java\jdk-13.0.2
PATH=C:\Program Files\bin;C:\Program Files (x86)\Common Files\Oracle\Java\javapath;C:\ProgramData\Oracle\Java\javapath;C:\WINDOWS\system32;C:\WINDOWS;C:\WINDOWS\System32\Wbem;C:\WINDOWS\System32\WindowsPowerShell\v1.0\;C:\Program Files\Intel\WiFi\bin\;C:\Program Files\Common Files\Intel\WirelessCommon\;C:\Program Files (x86)\Skype\Phone\;C:\WINDOWS\System32\OpenSSH\;C:\Program Files (x86)\AMD\ATI.ACE\Core-Static;C:\Program Files\Java\jdk-13.0.2\bin;C:\Program Files\nodejs\;C:\Program Files\Java\jdk-13.0.2\bin;C:\Program Files\Git\cmd;C:\Program Files\Docker\Docker\resources\bin;C:\ProgramData\DockerDesktop\version-bin;C:\Program Files\MySQL\MySQL Shell 8.0\bin\;C:\Users\admin\AppData\Local\Microsoft\WindowsApps;C:\Program Files\Intel\WiFi\bin\;C:\Program Files\Common Files\Intel\WirelessCommon\;;C:\Users\admin\AppData\Local\Programs\Microsoft VS Code\bin;C:\Users\admin\AppData\Roaming\npm;C:\Program Files\IBM\Cloud\bin
USERNAME=admin
OS=Windows_NT
PROCESSOR_IDENTIFIER=Intel64 Family 6 Model 69 Stepping 1, GenuineIntel



---------------  S Y S T E M  ---------------

OS: Windows 10 , 64 bit Build 18362 (10.0.18362.959)
HyperV virtualization detected

CPU:total 4 (initial active 4) (2 cores per cpu, 2 threads per core) family 6 model 69 stepping 1, cmov, cx8, fxsr, mmx, sse, sse2, sse3, ssse3, sse4.1, sse4.2, popcnt, avx, avx2, aes, clmul, erms, lzcnt, ht, tsc, tscinvbit, bmi1, bmi2, fma

Memory: 4k page, system-wide physical 8097M (593M free)
TotalPageFile size 10145M (AvailPageFile size 0M)
current process WorkingSet (physical memory assigned to process): 28M, peak: 28M
current process commit charge ("private bytes"): 182M, peak: 182M

vm_info: Java HotSpot(TM) 64-Bit Server VM (13.0.2+8) for windows-amd64 JRE (13.0.2+8), built on Dec 11 2019 09:20:33 by "mach5one" with unknown MS VC++:1916

END.
